<?xml version="1.0" encoding="UTF-8"?>
<!-- Generated by org.testng.reporters.JUnitXMLReporter -->
<testsuite hostname="Ramesh-PC" ignored="0" name="Test" tests="3" failures="0" timestamp="26 May 2017 06:31:16 GMT" time="2.223" errors="0">
  <testcase name="verifyPageTitle" time="0.084" classname="com.hotelbookingTest.HotelBookingSanityTest"/>
  <testcase name="insertBookingData" time="0.955" classname="com.hotelbookingTest.HotelBookingSanityTest"/>
  <testcase name="deleteLastrecord" time="1.157" classname="com.hotelbookingTest.HotelBookingSanityTest"/>
</testsuite> <!-- Test -->
