<?xml version="1.0" encoding="UTF-8"?>
<!-- Generated by org.testng.reporters.JUnitXMLReporter -->
<testsuite hostname="Ramesh-PC" name="Test" tests="3" failures="0" timestamp="26 May 2017 06:35:29 GMT" time="2.17" errors="0">
  <testcase name="verifyPageTitle" time="0.079" classname="com.hotelbookingTest.HotelBookingSanityTest"/>
  <testcase name="insertBookingData" time="0.91" classname="com.hotelbookingTest.HotelBookingSanityTest"/>
  <testcase name="deleteLastrecord" time="1.153" classname="com.hotelbookingTest.HotelBookingSanityTest"/>
</testsuite> <!-- Test -->
