<?xml version="1.0" encoding="UTF-8"?>
<!-- Generated by org.testng.reporters.JUnitXMLReporter -->
<testsuite hostname="Ramesh-PC" ignored="0" name="Command line test" tests="3" failures="0" timestamp="26 May 2017 06:40:14 GMT" time="2.137" errors="0">
  <testcase name="verifyPageTitle" time="0.074" classname="com.hotelbookingTest.HotelBookingSanityTest"/>
  <testcase name="insertBookingData" time="0.897" classname="com.hotelbookingTest.HotelBookingSanityTest"/>
  <testcase name="deleteLastrecord" time="1.146" classname="com.hotelbookingTest.HotelBookingSanityTest"/>
</testsuite> <!-- Command line test -->
